<?xml version="1.0" encoding="UTF-8"?>
<!-- Generated by org.testng.reporters.JUnitXMLReporter -->
<testsuite ignored="16" hostname="DESKTOP-R8QAM61" failures="0" tests="27" name="Test" time="0.632" errors="0" timestamp="2023-08-07T16:40:40 IST">
  <testcase classname="BrokerMaster.Brokermaster" name="@BeforeTest beforeClass" time="-1.69140664012E9">
    <failure type="org.testng.TestNGException" message="
Parameter &amp;apos;browser&amp;apos; is required by BeforeTest on method beforeClass but has not been marked @Optional or defined
in C:\Users\INVESTVALUE\git\Neofindesk\neofndsk\Admin.xml">
      <![CDATA[org.testng.TestNGException: 
Parameter 'browser' is required by BeforeTest on method beforeClass but has not been marked @Optional or defined
in C:\Users\INVESTVALUE\git\Neofindesk\neofndsk\Admin.xml
... Removed 21 stack frames]]>
    </failure>
  </testcase> <!-- @BeforeTest beforeClass -->
  <testcase classname="UserManagement.UserManagTab" name="@BeforeTest beforeClass" time="0.0">
    <skipped/>
  </testcase> <!-- @BeforeTest beforeClass -->
  <testcase classname="UserManagement.ViewTab" name="@BeforeClass beforeClass" time="0.0">
    <skipped/>
  </testcase> <!-- @BeforeClass beforeClass -->
  <testcase classname="UserManagement.ViewTab" name="@BeforeMethod beforeMethod1" time="0.0">
    <skipped/>
  </testcase> <!-- @BeforeMethod beforeMethod1 -->
  <testcase classname="UserManagement.ViewTab" name="@AfterMethod afterMethod" time="0.0">
    <skipped/>
  </testcase> <!-- @AfterMethod afterMethod -->
  <testcase classname="UserManagement.ViewTab" name="@AfterClass afterClass" time="0.0">
    <skipped/>
  </testcase> <!-- @AfterClass afterClass -->
  <testcase classname="BondMaster.addBondFile" name="@BeforeClass beforeClass" time="0.0">
    <skipped/>
  </testcase> <!-- @BeforeClass beforeClass -->
  <testcase classname="BondMaster.addBondFile" name="@BeforeMethod beforeMethod" time="0.0">
    <skipped/>
  </testcase> <!-- @BeforeMethod beforeMethod -->
  <testcase classname="BondMaster.addBondFile" name="@AfterMethod afterMethod" time="0.0">
    <skipped/>
  </testcase> <!-- @AfterMethod afterMethod -->
  <testcase classname="BondMaster.addBondFile" name="@AfterClass afterClass" time="0.0">
    <skipped/>
  </testcase> <!-- @AfterClass afterClass -->
  <testcase classname="UnlistedMaster.AddUnlisted" name="@BeforeClass beforeClass" time="0.0">
    <skipped/>
  </testcase> <!-- @BeforeClass beforeClass -->
  <testcase classname="UnlistedMaster.AddUnlisted" name="@BeforeMethod beforeMethod" time="0.0">
    <skipped/>
  </testcase> <!-- @BeforeMethod beforeMethod -->
  <testcase classname="UnlistedMaster.AddUnlisted" name="@AfterMethod afterMethod" time="0.0">
    <skipped/>
  </testcase> <!-- @AfterMethod afterMethod -->
  <testcase classname="UnlistedMaster.AddUnlisted" name="@AfterClass afterClass" time="0.0">
    <skipped/>
  </testcase> <!-- @AfterClass afterClass -->
  <testcase classname="UserManagement.UserRoleTab" name="@BeforeClass beforeClass" time="0.0">
    <skipped/>
  </testcase> <!-- @BeforeClass beforeClass -->
  <testcase classname="UserManagement.UserRoleTab" name="@BeforeMethod beforeMethod" time="0.0">
    <skipped/>
  </testcase> <!-- @BeforeMethod beforeMethod -->
  <testcase classname="UserManagement.UserRoleTab" name="@AfterMethod afterMethod" time="0.0">
    <skipped/>
  </testcase> <!-- @AfterMethod afterMethod -->
  <testcase classname="UserManagement.UserRoleTab" name="@AfterClass afterClass" time="0.0">
    <skipped/>
  </testcase> <!-- @AfterClass afterClass -->
  <testcase classname="BrokerMaster.SearchTab" name="@BeforeClass beforeClass" time="0.0">
    <skipped/>
  </testcase> <!-- @BeforeClass beforeClass -->
  <testcase classname="BrokerMaster.SearchTab" name="@BeforeMethod beforeMethod" time="0.0">
    <skipped/>
  </testcase> <!-- @BeforeMethod beforeMethod -->
  <testcase classname="BrokerMaster.SearchTab" name="@AfterMethod afterMethod" time="0.0">
    <skipped/>
  </testcase> <!-- @AfterMethod afterMethod -->
  <testcase classname="BrokerMaster.SearchTab" name="@AfterClass afterClass" time="0.0">
    <skipped/>
  </testcase> <!-- @AfterClass afterClass -->
  <testcase classname="ProductType.CreateNewRecord" name="@BeforeClass beforeClass" time="0.0">
    <skipped/>
  </testcase> <!-- @BeforeClass beforeClass -->
  <testcase classname="ProductType.CreateNewRecord" name="@BeforeMethod beforeMethod" time="0.0">
    <skipped/>
  </testcase> <!-- @BeforeMethod beforeMethod -->
  <testcase classname="ProductType.CreateNewRecord" name="@AfterMethod afterMethod" time="0.0">
    <skipped/>
  </testcase> <!-- @AfterMethod afterMethod -->
  <testcase classname="ProductType.CreateNewRecord" name="@AfterClass afterClass" time="0.0">
    <skipped/>
  </testcase> <!-- @AfterClass afterClass -->
  <testcase classname="UnlistedMaster.SearchTab" name="@BeforeClass beforeClass" time="0.0">
    <skipped/>
  </testcase> <!-- @BeforeClass beforeClass -->
  <testcase classname="UnlistedMaster.SearchTab" name="@BeforeMethod beforeMethod" time="0.0">
    <skipped/>
  </testcase> <!-- @BeforeMethod beforeMethod -->
  <testcase classname="UnlistedMaster.SearchTab" name="@AfterMethod afterMethod" time="0.0">
    <skipped/>
  </testcase> <!-- @AfterMethod afterMethod -->
  <testcase classname="UnlistedMaster.SearchTab" name="@AfterClass afterClass" time="0.0">
    <skipped/>
  </testcase> <!-- @AfterClass afterClass -->
  <testcase classname="BondMaster.searchTab" name="@BeforeClass beforeClass" time="0.0">
    <skipped/>
  </testcase> <!-- @BeforeClass beforeClass -->
  <testcase classname="BondMaster.searchTab" name="@BeforeMethod beforeMethod" time="0.0">
    <skipped/>
  </testcase> <!-- @BeforeMethod beforeMethod -->
  <testcase classname="BondMaster.searchTab" name="@AfterMethod afterMethod" time="0.0">
    <skipped/>
  </testcase> <!-- @AfterMethod afterMethod -->
  <testcase classname="BondMaster.searchTab" name="@AfterClass afterClass" time="0.0">
    <skipped/>
  </testcase> <!-- @AfterClass afterClass -->
  <testcase classname="UserManagement.AddNewUser" name="@BeforeClass beforeClass" time="0.0">
    <skipped/>
  </testcase> <!-- @BeforeClass beforeClass -->
  <testcase classname="UserManagement.AddNewUser" name="@BeforeMethod selectUserType" time="0.0">
    <skipped/>
  </testcase> <!-- @BeforeMethod selectUserType -->
  <testcase classname="UserManagement.AddNewUser" name="@AfterMethod afterClass4" time="0.0">
    <skipped/>
  </testcase> <!-- @AfterMethod afterClass4 -->
  <testcase classname="UserManagement.AddNewUser" name="@BeforeMethod selectUserType" time="0.0">
    <skipped/>
  </testcase> <!-- @BeforeMethod selectUserType -->
  <testcase classname="UserManagement.AddNewUser" name="@AfterMethod afterClass4" time="0.0">
    <skipped/>
  </testcase> <!-- @AfterMethod afterClass4 -->
  <testcase classname="UserManagement.AddNewUser" name="@BeforeMethod selectUserType" time="0.0">
    <skipped/>
  </testcase> <!-- @BeforeMethod selectUserType -->
  <testcase classname="UserManagement.AddNewUser" name="@AfterMethod afterClass4" time="0.0">
    <skipped/>
  </testcase> <!-- @AfterMethod afterClass4 -->
  <testcase classname="UserManagement.AddNewUser" name="@BeforeMethod selectUserType" time="0.0">
    <skipped/>
  </testcase> <!-- @BeforeMethod selectUserType -->
  <testcase classname="UserManagement.AddNewUser" name="@AfterMethod afterClass4" time="0.0">
    <skipped/>
  </testcase> <!-- @AfterMethod afterClass4 -->
  <testcase classname="UserManagement.AddNewUser" name="@BeforeMethod selectUserType" time="0.0">
    <skipped/>
  </testcase> <!-- @BeforeMethod selectUserType -->
  <testcase classname="UserManagement.AddNewUser" name="@AfterMethod afterClass4" time="0.0">
    <skipped/>
  </testcase> <!-- @AfterMethod afterClass4 -->
  <testcase classname="UserManagement.AddNewUser" name="@BeforeMethod selectUserType" time="0.0">
    <skipped/>
  </testcase> <!-- @BeforeMethod selectUserType -->
  <testcase classname="UserManagement.AddNewUser" name="@AfterMethod afterClass4" time="0.0">
    <skipped/>
  </testcase> <!-- @AfterMethod afterClass4 -->
  <testcase classname="UserManagement.AddNewUser" name="@BeforeMethod selectUserType" time="0.0">
    <skipped/>
  </testcase> <!-- @BeforeMethod selectUserType -->
  <testcase classname="UserManagement.AddNewUser" name="@AfterMethod afterClass4" time="0.0">
    <skipped/>
  </testcase> <!-- @AfterMethod afterClass4 -->
  <testcase classname="UserManagement.AddNewUser" name="@BeforeMethod selectUserType" time="0.0">
    <skipped/>
  </testcase> <!-- @BeforeMethod selectUserType -->
  <testcase classname="UserManagement.AddNewUser" name="@AfterMethod afterClass4" time="0.0">
    <skipped/>
  </testcase> <!-- @AfterMethod afterClass4 -->
  <testcase classname="UserManagement.AddNewUser" name="@BeforeMethod selectUserType" time="0.0">
    <skipped/>
  </testcase> <!-- @BeforeMethod selectUserType -->
  <testcase classname="UserManagement.AddNewUser" name="@AfterMethod afterClass4" time="0.0">
    <skipped/>
  </testcase> <!-- @AfterMethod afterClass4 -->
  <testcase classname="UserManagement.AddNewUser" name="@BeforeMethod selectUserType" time="0.0">
    <skipped/>
  </testcase> <!-- @BeforeMethod selectUserType -->
  <testcase classname="UserManagement.AddNewUser" name="@AfterMethod afterClass4" time="0.0">
    <skipped/>
  </testcase> <!-- @AfterMethod afterClass4 -->
  <testcase classname="UserManagement.AddNewUser" name="@AfterClass end" time="0.0">
    <skipped/>
  </testcase> <!-- @AfterClass end -->
  <testcase classname="BrokerMaster.AddBroker" name="@BeforeClass beforeClass" time="0.0">
    <skipped/>
  </testcase> <!-- @BeforeClass beforeClass -->
  <testcase classname="BrokerMaster.AddBroker" name="@BeforeMethod beforeMethod" time="0.0">
    <skipped/>
  </testcase> <!-- @BeforeMethod beforeMethod -->
  <testcase classname="BrokerMaster.AddBroker" name="@AfterMethod afterMethod" time="0.0">
    <skipped/>
  </testcase> <!-- @AfterMethod afterMethod -->
  <testcase classname="BrokerMaster.AddBroker" name="@AfterClass afterClass" time="0.0">
    <skipped/>
  </testcase> <!-- @AfterClass afterClass -->
  <testcase classname="BrokerMaster.EditBrokerDetails" name="@BeforeClass beforeClass" time="0.0">
    <skipped/>
  </testcase> <!-- @BeforeClass beforeClass -->
  <testcase classname="BrokerMaster.EditBrokerDetails" name="@BeforeMethod beforeMethod" time="0.0">
    <skipped/>
  </testcase> <!-- @BeforeMethod beforeMethod -->
  <testcase classname="BrokerMaster.EditBrokerDetails" name="@AfterMethod afterMethod" time="0.0">
    <skipped/>
  </testcase> <!-- @AfterMethod afterMethod -->
  <testcase classname="BrokerMaster.EditBrokerDetails" name="@AfterClass afterClass" time="0.0">
    <skipped/>
  </testcase> <!-- @AfterClass afterClass -->
  <testcase classname="ProductType.ViewAndUpdate" name="@BeforeClass beforeClass" time="0.0">
    <skipped/>
  </testcase> <!-- @BeforeClass beforeClass -->
  <testcase classname="ProductType.ViewAndUpdate" name="@BeforeMethod beforeMethod" time="0.0">
    <skipped/>
  </testcase> <!-- @BeforeMethod beforeMethod -->
  <testcase classname="ProductType.ViewAndUpdate" name="@AfterMethod afterMethod" time="0.0">
    <skipped/>
  </testcase> <!-- @AfterMethod afterMethod -->
  <testcase classname="ProductType.ViewAndUpdate" name="@AfterClass afterClass" time="0.0">
    <skipped/>
  </testcase> <!-- @AfterClass afterClass -->
  <testcase classname="UnlistedMaster.DisableButon" name="@BeforeClass beforeClass" time="0.0">
    <skipped/>
  </testcase> <!-- @BeforeClass beforeClass -->
  <testcase classname="UnlistedMaster.DisableButon" name="@BeforeMethod beforeMethod" time="0.0">
    <skipped/>
  </testcase> <!-- @BeforeMethod beforeMethod -->
  <testcase classname="UnlistedMaster.DisableButon" name="@AfterMethod afterMethod" time="0.0">
    <skipped/>
  </testcase> <!-- @AfterMethod afterMethod -->
  <testcase classname="UnlistedMaster.DisableButon" name="@AfterClass afterClass" time="0.0">
    <skipped/>
  </testcase> <!-- @AfterClass afterClass -->
  <testcase classname="BondMaster.AddBond" name="@BeforeClass beforeClass" time="0.0">
    <skipped/>
  </testcase> <!-- @BeforeClass beforeClass -->
  <testcase classname="BondMaster.AddBond" name="@BeforeMethod beforeMethod" time="0.0">
    <skipped/>
  </testcase> <!-- @BeforeMethod beforeMethod -->
  <testcase classname="BondMaster.AddBond" name="@AfterMethod afterMethod" time="0.0">
    <skipped/>
  </testcase> <!-- @AfterMethod afterMethod -->
  <testcase classname="BondMaster.AddBond" name="@AfterClass afterClass" time="0.0">
    <skipped/>
  </testcase> <!-- @AfterClass afterClass -->
  <testcase classname="BondMaster.EditBondDetails" name="@BeforeClass beforeClass" time="0.0">
    <skipped/>
  </testcase> <!-- @BeforeClass beforeClass -->
  <testcase classname="BondMaster.EditBondDetails" name="@BeforeMethod beforeMethod" time="0.0">
    <skipped/>
  </testcase> <!-- @BeforeMethod beforeMethod -->
  <testcase classname="BondMaster.EditBondDetails" name="@AfterMethod afterMethod" time="0.0">
    <skipped/>
  </testcase> <!-- @AfterMethod afterMethod -->
  <testcase classname="BondMaster.EditBondDetails" name="@BeforeMethod beforeMethod" time="0.0">
    <skipped/>
  </testcase> <!-- @BeforeMethod beforeMethod -->
  <testcase classname="BondMaster.EditBondDetails" name="@AfterMethod afterMethod" time="0.0">
    <skipped/>
  </testcase> <!-- @AfterMethod afterMethod -->
  <testcase classname="BondMaster.EditBondDetails" name="@AfterClass afterClass" time="0.0">
    <skipped/>
  </testcase> <!-- @AfterClass afterClass -->
  <testcase classname="BrokerMaster.Brokermaster" name="@AfterTest afterTest" time="0.0">
    <skipped/>
  </testcase> <!-- @AfterTest afterTest -->
  <testcase classname="UserManagement.UserManagTab" name="@AfterTest afterTest" time="0.0">
    <skipped/>
  </testcase> <!-- @AfterTest afterTest -->
  <testcase classname="BrokerMaster.Brokermaster" name="test1" time="0.0">
    <skipped/>
  </testcase> <!-- test1 -->
  <testcase classname="UserManagement.ViewTab" name="test4" time="0.0">
    <skipped/>
  </testcase> <!-- test4 -->
  <testcase classname="UserManagement.UserManagTab" name="test1" time="0.0">
    <skipped/>
  </testcase> <!-- test1 -->
  <testcase classname="BondMaster.addBondFile" name="test1" time="0.001">
    <skipped/>
  </testcase> <!-- test1 -->
  <testcase classname="UnlistedMaster.AddUnlisted" name="scriptName" time="0.0">
    <skipped/>
  </testcase> <!-- scriptName -->
  <testcase classname="UserManagement.UserRoleTab" name="test3" time="0.0">
    <skipped/>
  </testcase> <!-- test3 -->
  <testcase classname="BrokerMaster.SearchTab" name="test1" time="0.001">
    <skipped/>
  </testcase> <!-- test1 -->
  <testcase classname="ProductType.CreateNewRecord" name="test1" time="0.0">
    <skipped/>
  </testcase> <!-- test1 -->
  <testcase classname="UnlistedMaster.SearchTab" name="test1" time="0.0">
    <skipped/>
  </testcase> <!-- test1 -->
  <testcase classname="BondMaster.searchTab" name="test1" time="0.0">
    <skipped/>
  </testcase> <!-- test1 -->
  <testcase classname="UserManagement.AddNewUser" name="selectAdmin" time="0.001">
    <skipped/>
  </testcase> <!-- selectAdmin -->
  <testcase classname="UserManagement.AddNewUser" name="selectUserRole" time="0.0">
    <skipped/>
  </testcase> <!-- selectUserRole -->
  <testcase classname="UserManagement.AddNewUser" name="selectBrokertab" time="0.0">
    <skipped/>
  </testcase> <!-- selectBrokertab -->
  <testcase classname="UserManagement.AddNewUser" name="selectFirstName" time="0.0">
    <skipped/>
  </testcase> <!-- selectFirstName -->
  <testcase classname="UserManagement.AddNewUser" name="selectMiddleName" time="0.0">
    <skipped/>
  </testcase> <!-- selectMiddleName -->
  <testcase classname="UserManagement.AddNewUser" name="selectLastName" time="0.0">
    <skipped/>
  </testcase> <!-- selectLastName -->
  <testcase classname="UserManagement.AddNewUser" name="selectMobileNo" time="0.0">
    <skipped/>
  </testcase> <!-- selectMobileNo -->
  <testcase classname="UserManagement.AddNewUser" name="selectEmailId" time="0.0">
    <skipped/>
  </testcase> <!-- selectEmailId -->
  <testcase classname="UserManagement.AddNewUser" name="selectEmployeeCode" time="0.0">
    <skipped/>
  </testcase> <!-- selectEmployeeCode -->
  <testcase classname="UserManagement.AddNewUser" name="selectManager" time="0.0">
    <skipped/>
  </testcase> <!-- selectManager -->
  <testcase classname="BrokerMaster.AddBroker" name="test1" time="0.0">
    <skipped/>
  </testcase> <!-- test1 -->
  <testcase classname="BrokerMaster.EditBrokerDetails" name="test1" time="0.0">
    <skipped/>
  </testcase> <!-- test1 -->
  <testcase classname="ProductType.ViewAndUpdate" name="test1" time="0.0">
    <skipped/>
  </testcase> <!-- test1 -->
  <testcase classname="UnlistedMaster.DisableButon" name="test1" time="0.0">
    <skipped/>
  </testcase> <!-- test1 -->
  <testcase classname="BondMaster.AddBond" name="test1" time="0.0">
    <skipped/>
  </testcase> <!-- test1 -->
  <testcase classname="BondMaster.EditBondDetails" name="submit" time="0.0">
    <skipped/>
  </testcase> <!-- submit -->
  <testcase classname="BondMaster.EditBondDetails" name="updateCashflow" time="0.0">
    <skipped/>
  </testcase> <!-- updateCashflow -->
  <testcase classname="UserManagement.ViewTab" name="test6" time="0.0">
    <ignored/>
  </testcase> <!-- test6 -->
  <testcase classname="UserManagement.AddNewUser" name="selectManufacture" time="0.0">
    <ignored/>
  </testcase> <!-- selectManufacture -->
  <testcase classname="UserManagement.ViewTab" name="test5" time="0.0">
    <ignored/>
  </testcase> <!-- test5 -->
  <testcase classname="UserManagement.UserRoleTab" name="test1" time="0.0">
    <ignored/>
  </testcase> <!-- test1 -->
  <testcase classname="UserManagement.AddNewUser" name="selectDistributor" time="0.0">
    <ignored/>
  </testcase> <!-- selectDistributor -->
  <testcase classname="UserManagement.AddNewUser" name="selectCompanyHead" time="0.0">
    <ignored/>
  </testcase> <!-- selectCompanyHead -->
  <testcase classname="BondMaster.EditBondDetails" name="addSpread" time="0.0">
    <ignored/>
  </testcase> <!-- addSpread -->
  <testcase classname="UserManagement.AddNewUser" name="selectGroupHead" time="0.0">
    <ignored/>
  </testcase> <!-- selectGroupHead -->
  <testcase classname="UserManagement.AddNewUser" name="selectTeamLeader" time="0.0">
    <ignored/>
  </testcase> <!-- selectTeamLeader -->
  <testcase classname="BondMaster.EditBondDetails" name="approve" time="0.0">
    <ignored/>
  </testcase> <!-- approve -->
  <testcase classname="UnlistedMaster.AddUnlisted" name="submit" time="0.0">
    <ignored/>
  </testcase> <!-- submit -->
  <testcase classname="UserManagement.AddNewUser" name="selectUserCompany" time="0.0">
    <ignored/>
  </testcase> <!-- selectUserCompany -->
  <testcase classname="UserManagement.UserRoleTab" name="test4" time="0.0">
    <ignored/>
  </testcase> <!-- test4 -->
  <testcase classname="UserManagement.AddNewUser" name="submitbutton" time="0.0">
    <ignored/>
  </testcase> <!-- submitbutton -->
  <testcase classname="UserManagement.AddNewUser" name="selectBackOffice" time="0.0">
    <ignored/>
  </testcase> <!-- selectBackOffice -->
  <testcase classname="UserManagement.UserRoleTab" name="test2" time="0.0">
    <ignored/>
  </testcase> <!-- test2 -->
</testsuite> <!-- Test -->
