<?xml version="1.0" encoding="UTF-8"?>
<!-- Generated by org.testng.reporters.JUnitXMLReporter -->
<testsuite ignored="2" hostname="DESKTOP-R8QAM61" failures="0" tests="2" name="EdgeTest" time="22.124" errors="0" timestamp="2023-08-07T10:27:23 IST">
  <testcase classname="BondMaster.EditBondDetails" name="submit" time="0.929"/>
  <testcase classname="BondMaster.EditBondDetails" name="updateCashflow" time="0.001">
    <skipped/>
  </testcase> <!-- updateCashflow -->
  <testcase classname="BondMaster.EditBondDetails" name="approve" time="0.0">
    <ignored/>
  </testcase> <!-- approve -->
  <testcase classname="BondMaster.EditBondDetails" name="addSpread" time="0.0">
    <ignored/>
  </testcase> <!-- addSpread -->
</testsuite> <!-- EdgeTest -->
