<?xml version="1.0" encoding="UTF-8"?>
<testng-results ignored="0" total="2" passed="0" failed="2" skipped="0">
  <reporter-output>
  </reporter-output>
  <suite started-at="2023-08-16T13:12:47 IST" name="Suite111" finished-at="2023-08-16T13:13:07 IST" duration-ms="19698">
    <groups>
    </groups>
    <test started-at="2023-08-16T13:12:47 IST" name="ChromeTest" finished-at="2023-08-16T13:13:06 IST" duration-ms="18533">
      <class name="UnlistedMaster.AddUnlisted">
        <test-method is-config="true" signature="beforeClass(java.lang.String)[pri:0, instance:UnlistedMaster.AddUnlisted@175c2241]" started-at="2023-08-16T13:12:47 IST" name="beforeClass" finished-at="2023-08-16T13:12:58 IST" duration-ms="10556" status="PASS">
          <params>
            <param index="0">
              <value>
                <![CDATA[Chrome]]>
              </value>
            </param>
          </params>
          <reporter-output>
          </reporter-output>
        </test-method> <!-- beforeClass -->
        <test-method is-config="true" signature="beforeMethod()[pri:0, instance:UnlistedMaster.AddUnlisted@175c2241]" started-at="2023-08-16T13:12:58 IST" name="beforeMethod" finished-at="2023-08-16T13:13:02 IST" duration-ms="4299" status="PASS">
          <reporter-output>
          </reporter-output>
        </test-method> <!-- beforeMethod -->
        <test-method signature="scriptName()[pri:1, instance:UnlistedMaster.AddUnlisted@175c2241]" started-at="2023-08-16T13:13:02 IST" name="scriptName" finished-at="2023-08-16T13:13:05 IST" duration-ms="3217" status="FAIL">
          <exception class="org.openqa.selenium.ElementNotInteractableException">
            <message>
              <![CDATA[element not interactable
  (Session info: chrome=115.0.5790.171)
Build info: version: '4.10.0', revision: 'c14d967899'
System info: os.name: 'Windows 10', os.arch: 'amd64', os.version: '10.0', java.version: '20.0.2'
Driver info: org.openqa.selenium.chrome.ChromeDriver
Command: [7e924823cce45c56c879356784fa84af, sendKeysToElement {id=B7C6B277D799AA7B5D3473C9C6247DE7_element_79, value=[Ljava.lang.CharSequence;@37095353}]
Capabilities {acceptInsecureCerts: false, browserName: chrome, browserVersion: 115.0.5790.171, chrome: {chromedriverVersion: 114.0.5735.90 (386bc09e8f4f..., userDataDir: C:\Users\INVEST~1\AppData\L...}, goog:chromeOptions: {debuggerAddress: localhost:62472}, networkConnectionEnabled: false, pageLoadStrategy: normal, platformName: windows, proxy: Proxy(), se:cdp: ws://localhost:62472/devtoo..., se:cdpVersion: 115.0.5790.171, setWindowRect: true, strictFileInteractability: false, timeouts: {implicit: 0, pageLoad: 300000, script: 30000}, unhandledPromptBehavior: dismiss and notify, webauthn:extension:credBlob: true, webauthn:extension:largeBlob: true, webauthn:extension:minPinLength: true, webauthn:extension:prf: true, webauthn:virtualAuthenticators: true}
Element: [[ChromeDriver: chrome on windows (7e924823cce45c56c879356784fa84af)] -> xpath: //input[@placeholder='Search unlisted by name']]
Session ID: 7e924823cce45c56c879356784fa84af]]>
            </message>
            <full-stacktrace>
              <![CDATA[org.openqa.selenium.ElementNotInteractableException: element not interactable
  (Session info: chrome=115.0.5790.171)
Build info: version: '4.10.0', revision: 'c14d967899'
System info: os.name: 'Windows 10', os.arch: 'amd64', os.version: '10.0', java.version: '20.0.2'
Driver info: org.openqa.selenium.chrome.ChromeDriver
Command: [7e924823cce45c56c879356784fa84af, sendKeysToElement {id=B7C6B277D799AA7B5D3473C9C6247DE7_element_79, value=[Ljava.lang.CharSequence;@37095353}]
Capabilities {acceptInsecureCerts: false, browserName: chrome, browserVersion: 115.0.5790.171, chrome: {chromedriverVersion: 114.0.5735.90 (386bc09e8f4f..., userDataDir: C:\Users\INVEST~1\AppData\L...}, goog:chromeOptions: {debuggerAddress: localhost:62472}, networkConnectionEnabled: false, pageLoadStrategy: normal, platformName: windows, proxy: Proxy(), se:cdp: ws://localhost:62472/devtoo..., se:cdpVersion: 115.0.5790.171, setWindowRect: true, strictFileInteractability: false, timeouts: {implicit: 0, pageLoad: 300000, script: 30000}, unhandledPromptBehavior: dismiss and notify, webauthn:extension:credBlob: true, webauthn:extension:largeBlob: true, webauthn:extension:minPinLength: true, webauthn:extension:prf: true, webauthn:virtualAuthenticators: true}
Element: [[ChromeDriver: chrome on windows (7e924823cce45c56c879356784fa84af)] -> xpath: //input[@placeholder='Search unlisted by name']]
Session ID: 7e924823cce45c56c879356784fa84af
at java.base/jdk.internal.reflect.DirectConstructorHandleAccessor.newInstance(DirectConstructorHandleAccessor.java:67)
at java.base/java.lang.reflect.Constructor.newInstanceWithCaller(Constructor.java:500)
at java.base/java.lang.reflect.Constructor.newInstance(Constructor.java:484)
at org.openqa.selenium.remote.codec.w3c.W3CHttpResponseCodec.createException(W3CHttpResponseCodec.java:199)
at org.openqa.selenium.remote.codec.w3c.W3CHttpResponseCodec.decode(W3CHttpResponseCodec.java:132)
at org.openqa.selenium.remote.codec.w3c.W3CHttpResponseCodec.decode(W3CHttpResponseCodec.java:51)
at org.openqa.selenium.remote.HttpCommandExecutor.execute(HttpCommandExecutor.java:191)
at org.openqa.selenium.remote.service.DriverCommandExecutor.invokeExecute(DriverCommandExecutor.java:196)
at org.openqa.selenium.remote.service.DriverCommandExecutor.execute(DriverCommandExecutor.java:171)
at org.openqa.selenium.remote.RemoteWebDriver.execute(RemoteWebDriver.java:531)
at org.openqa.selenium.remote.RemoteWebElement.execute(RemoteWebElement.java:242)
at org.openqa.selenium.remote.RemoteWebElement.sendKeys(RemoteWebElement.java:111)
at UnlistedMaster.AddUnlisted.scriptName(AddUnlisted.java:139)
at java.base/jdk.internal.reflect.DirectMethodHandleAccessor.invoke(DirectMethodHandleAccessor.java:104)
at java.base/java.lang.reflect.Method.invoke(Method.java:578)
at org.testng.internal.invokers.MethodInvocationHelper.invokeMethod(MethodInvocationHelper.java:139)
at org.testng.internal.invokers.TestInvoker.invokeMethod(TestInvoker.java:664)
at org.testng.internal.invokers.TestInvoker.invokeTestMethod(TestInvoker.java:227)
at org.testng.internal.invokers.MethodRunner.runInSequence(MethodRunner.java:50)
at org.testng.internal.invokers.TestInvoker$MethodInvocationAgent.invoke(TestInvoker.java:957)
at org.testng.internal.invokers.TestInvoker.invokeTestMethods(TestInvoker.java:200)
at org.testng.internal.invokers.TestMethodWorker.invokeTestMethods(TestMethodWorker.java:148)
at org.testng.internal.invokers.TestMethodWorker.run(TestMethodWorker.java:128)
at java.base/java.util.ArrayList.forEach(ArrayList.java:1511)
at org.testng.TestRunner.privateRun(TestRunner.java:848)
at org.testng.TestRunner.run(TestRunner.java:621)
at org.testng.SuiteRunner.runTest(SuiteRunner.java:443)
at org.testng.SuiteRunner$SuiteWorker.run(SuiteRunner.java:481)
at org.testng.internal.thread.ThreadUtil.lambda$execute$0(ThreadUtil.java:58)
at java.base/java.util.concurrent.FutureTask.run(FutureTask.java:317)
at java.base/java.util.concurrent.ThreadPoolExecutor.runWorker(ThreadPoolExecutor.java:1144)
at java.base/java.util.concurrent.ThreadPoolExecutor$Worker.run(ThreadPoolExecutor.java:642)
at java.base/java.lang.Thread.run(Thread.java:1623)
]]>
            </full-stacktrace>
          </exception> <!-- org.openqa.selenium.ElementNotInteractableException -->
          <reporter-output>
          </reporter-output>
        </test-method> <!-- scriptName -->
        <test-method is-config="true" signature="afterMethod()[pri:0, instance:UnlistedMaster.AddUnlisted@175c2241]" started-at="2023-08-16T13:13:05 IST" name="afterMethod" finished-at="2023-08-16T13:13:06 IST" duration-ms="362" status="PASS">
          <reporter-output>
          </reporter-output>
        </test-method> <!-- afterMethod -->
        <test-method is-config="true" signature="afterClass()[pri:0, instance:UnlistedMaster.AddUnlisted@175c2241]" started-at="2023-08-16T13:13:06 IST" name="afterClass" finished-at="2023-08-16T13:13:06 IST" duration-ms="3" status="PASS">
          <reporter-output>
          </reporter-output>
        </test-method> <!-- afterClass -->
      </class> <!-- UnlistedMaster.AddUnlisted -->
    </test> <!-- ChromeTest -->
    <test started-at="2023-08-16T13:12:47 IST" name="EdgeTest" finished-at="2023-08-16T13:13:07 IST" duration-ms="19698">
      <class name="UnlistedMaster.AddUnlisted">
        <test-method is-config="true" signature="beforeClass(java.lang.String)[pri:0, instance:UnlistedMaster.AddUnlisted@3cd3e762]" started-at="2023-08-16T13:12:47 IST" name="beforeClass" finished-at="2023-08-16T13:13:00 IST" duration-ms="12517" status="PASS">
          <params>
            <param index="0">
              <value>
                <![CDATA[Edge]]>
              </value>
            </param>
          </params>
          <reporter-output>
          </reporter-output>
        </test-method> <!-- beforeClass -->
        <test-method is-config="true" signature="beforeMethod()[pri:0, instance:UnlistedMaster.AddUnlisted@3cd3e762]" started-at="2023-08-16T13:13:00 IST" name="beforeMethod" finished-at="2023-08-16T13:13:03 IST" duration-ms="3559" status="PASS">
          <reporter-output>
          </reporter-output>
        </test-method> <!-- beforeMethod -->
        <test-method signature="scriptName()[pri:1, instance:UnlistedMaster.AddUnlisted@3cd3e762]" started-at="2023-08-16T13:13:03 IST" name="scriptName" finished-at="2023-08-16T13:13:07 IST" duration-ms="3406" status="FAIL">
          <exception class="org.openqa.selenium.ElementNotInteractableException">
            <message>
              <![CDATA[element not interactable
  (Session info: MicrosoftEdge=115.0.1901.203)
Build info: version: '4.10.0', revision: 'c14d967899'
System info: os.name: 'Windows 10', os.arch: 'amd64', os.version: '10.0', java.version: '20.0.2'
Driver info: org.openqa.selenium.edge.EdgeDriver
Command: [4615da490dbc45e70d05c2fc687bd1c0, sendKeysToElement {id=F88D3FB89F41AD26EFD6D7B8A79038E8_element_90, value=[Ljava.lang.CharSequence;@1b197e39}]
Capabilities {acceptInsecureCerts: false, browserName: msedge, browserVersion: 115.0.1901.203, ms:edgeOptions: {debuggerAddress: localhost:62490}, msedge: {msedgedriverVersion: 115.0.1901.183 (db29db5e66a..., userDataDir: C:\Users\INVEST~1\AppData\L...}, networkConnectionEnabled: false, pageLoadStrategy: normal, platformName: windows, proxy: Proxy(), se:cdp: ws://localhost:62490/devtoo..., se:cdpVersion: 115.0.1901.203, setWindowRect: true, strictFileInteractability: false, timeouts: {implicit: 0, pageLoad: 300000, script: 30000}, unhandledPromptBehavior: dismiss and notify, webauthn:extension:credBlob: true, webauthn:extension:largeBlob: true, webauthn:extension:minPinLength: true, webauthn:extension:prf: true, webauthn:virtualAuthenticators: true}
Element: [[EdgeDriver: msedge on windows (4615da490dbc45e70d05c2fc687bd1c0)] -> xpath: //input[@placeholder='Search unlisted by name']]
Session ID: 4615da490dbc45e70d05c2fc687bd1c0]]>
            </message>
            <full-stacktrace>
              <![CDATA[org.openqa.selenium.ElementNotInteractableException: element not interactable
  (Session info: MicrosoftEdge=115.0.1901.203)
Build info: version: '4.10.0', revision: 'c14d967899'
System info: os.name: 'Windows 10', os.arch: 'amd64', os.version: '10.0', java.version: '20.0.2'
Driver info: org.openqa.selenium.edge.EdgeDriver
Command: [4615da490dbc45e70d05c2fc687bd1c0, sendKeysToElement {id=F88D3FB89F41AD26EFD6D7B8A79038E8_element_90, value=[Ljava.lang.CharSequence;@1b197e39}]
Capabilities {acceptInsecureCerts: false, browserName: msedge, browserVersion: 115.0.1901.203, ms:edgeOptions: {debuggerAddress: localhost:62490}, msedge: {msedgedriverVersion: 115.0.1901.183 (db29db5e66a..., userDataDir: C:\Users\INVEST~1\AppData\L...}, networkConnectionEnabled: false, pageLoadStrategy: normal, platformName: windows, proxy: Proxy(), se:cdp: ws://localhost:62490/devtoo..., se:cdpVersion: 115.0.1901.203, setWindowRect: true, strictFileInteractability: false, timeouts: {implicit: 0, pageLoad: 300000, script: 30000}, unhandledPromptBehavior: dismiss and notify, webauthn:extension:credBlob: true, webauthn:extension:largeBlob: true, webauthn:extension:minPinLength: true, webauthn:extension:prf: true, webauthn:virtualAuthenticators: true}
Element: [[EdgeDriver: msedge on windows (4615da490dbc45e70d05c2fc687bd1c0)] -> xpath: //input[@placeholder='Search unlisted by name']]
Session ID: 4615da490dbc45e70d05c2fc687bd1c0
at java.base/jdk.internal.reflect.DirectConstructorHandleAccessor.newInstance(DirectConstructorHandleAccessor.java:67)
at java.base/java.lang.reflect.Constructor.newInstanceWithCaller(Constructor.java:500)
at java.base/java.lang.reflect.Constructor.newInstance(Constructor.java:484)
at org.openqa.selenium.remote.codec.w3c.W3CHttpResponseCodec.createException(W3CHttpResponseCodec.java:199)
at org.openqa.selenium.remote.codec.w3c.W3CHttpResponseCodec.decode(W3CHttpResponseCodec.java:132)
at org.openqa.selenium.remote.codec.w3c.W3CHttpResponseCodec.decode(W3CHttpResponseCodec.java:51)
at org.openqa.selenium.remote.HttpCommandExecutor.execute(HttpCommandExecutor.java:191)
at org.openqa.selenium.remote.service.DriverCommandExecutor.invokeExecute(DriverCommandExecutor.java:196)
at org.openqa.selenium.remote.service.DriverCommandExecutor.execute(DriverCommandExecutor.java:171)
at org.openqa.selenium.remote.RemoteWebDriver.execute(RemoteWebDriver.java:531)
at org.openqa.selenium.remote.RemoteWebElement.execute(RemoteWebElement.java:242)
at org.openqa.selenium.remote.RemoteWebElement.sendKeys(RemoteWebElement.java:111)
at UnlistedMaster.AddUnlisted.scriptName(AddUnlisted.java:139)
at java.base/jdk.internal.reflect.DirectMethodHandleAccessor.invoke(DirectMethodHandleAccessor.java:104)
at java.base/java.lang.reflect.Method.invoke(Method.java:578)
at org.testng.internal.invokers.MethodInvocationHelper.invokeMethod(MethodInvocationHelper.java:139)
at org.testng.internal.invokers.TestInvoker.invokeMethod(TestInvoker.java:664)
at org.testng.internal.invokers.TestInvoker.invokeTestMethod(TestInvoker.java:227)
at org.testng.internal.invokers.MethodRunner.runInSequence(MethodRunner.java:50)
at org.testng.internal.invokers.TestInvoker$MethodInvocationAgent.invoke(TestInvoker.java:957)
at org.testng.internal.invokers.TestInvoker.invokeTestMethods(TestInvoker.java:200)
at org.testng.internal.invokers.TestMethodWorker.invokeTestMethods(TestMethodWorker.java:148)
at org.testng.internal.invokers.TestMethodWorker.run(TestMethodWorker.java:128)
at java.base/java.util.ArrayList.forEach(ArrayList.java:1511)
at org.testng.TestRunner.privateRun(TestRunner.java:848)
at org.testng.TestRunner.run(TestRunner.java:621)
at org.testng.SuiteRunner.runTest(SuiteRunner.java:443)
at org.testng.SuiteRunner$SuiteWorker.run(SuiteRunner.java:481)
at org.testng.internal.thread.ThreadUtil.lambda$execute$0(ThreadUtil.java:58)
at java.base/java.util.concurrent.FutureTask.run(FutureTask.java:317)
at java.base/java.util.concurrent.ThreadPoolExecutor.runWorker(ThreadPoolExecutor.java:1144)
at java.base/java.util.concurrent.ThreadPoolExecutor$Worker.run(ThreadPoolExecutor.java:642)
at java.base/java.lang.Thread.run(Thread.java:1623)
]]>
            </full-stacktrace>
          </exception> <!-- org.openqa.selenium.ElementNotInteractableException -->
          <reporter-output>
          </reporter-output>
        </test-method> <!-- scriptName -->
        <test-method is-config="true" signature="afterMethod()[pri:0, instance:UnlistedMaster.AddUnlisted@3cd3e762]" started-at="2023-08-16T13:13:07 IST" name="afterMethod" finished-at="2023-08-16T13:13:07 IST" duration-ms="175" status="PASS">
          <reporter-output>
          </reporter-output>
        </test-method> <!-- afterMethod -->
        <test-method is-config="true" signature="afterClass()[pri:0, instance:UnlistedMaster.AddUnlisted@3cd3e762]" started-at="2023-08-16T13:13:07 IST" name="afterClass" finished-at="2023-08-16T13:13:07 IST" duration-ms="2" status="PASS">
          <reporter-output>
          </reporter-output>
        </test-method> <!-- afterClass -->
      </class> <!-- UnlistedMaster.AddUnlisted -->
    </test> <!-- EdgeTest -->
  </suite> <!-- Suite111 -->
</testng-results>
