<?xml version="1.0" encoding="UTF-8"?>
<!-- Generated by org.testng.reporters.JUnitXMLReporter -->
<testsuite ignored="8" hostname="DESKTOP-R8QAM61" failures="0" tests="10" name="ChromeTest" time="12.006" errors="0" timestamp="2023-07-31T16:12:55 IST">
  <testcase classname="UserManagement.demo" name="@BeforeClass beforeClass" time="11.125">
    <failure type="org.openqa.selenium.WebDriverException" message="target frame detached
  (failed to check if window was closed: disconnected: Unable to receive message from renderer)
  (Session info: chrome=115.0.5790.110)
Build info: version: &amp;apos;4.10.0&amp;apos;, revision: &amp;apos;c14d967899&amp;apos;
System info: os.name: &amp;apos;Windows 10&amp;apos;, os.arch: &amp;apos;amd64&amp;apos;, os.version: &amp;apos;10.0&amp;apos;, java.version: &amp;apos;20.0.2&amp;apos;
Driver info: org.openqa.selenium.chrome.ChromeDriver
Command: [5d3596ae6c1e9be1335f2c930621f1f2, findElement {using=xpath, value=(//li[@class=&amp;apos;MuiListItem-root MuiListItem-gutters css-1k0ezhg&amp;apos;])[2]}]
Capabilities {acceptInsecureCerts: false, browserName: chrome, browserVersion: 115.0.5790.110, chrome: {chromedriverVersion: 114.0.5735.90 (386bc09e8f4f..., userDataDir: C:\Users\INVEST~1\AppData\L...}, goog:chromeOptions: {debuggerAddress: localhost:52421}, networkConnectionEnabled: false, pageLoadStrategy: normal, platformName: windows, proxy: Proxy(), se:cdp: ws://localhost:52421/devtoo..., se:cdpVersion: 115.0.5790.110, setWindowRect: true, strictFileInteractability: false, timeouts: {implicit: 0, pageLoad: 300000, script: 30000}, unhandledPromptBehavior: dismiss and notify, webauthn:extension:credBlob: true, webauthn:extension:largeBlob: true, webauthn:extension:minPinLength: true, webauthn:extension:prf: true, webauthn:virtualAuthenticators: true}
Session ID: 5d3596ae6c1e9be1335f2c930621f1f2">
      <![CDATA[org.openqa.selenium.WebDriverException: target frame detached
  (failed to check if window was closed: disconnected: Unable to receive message from renderer)
  (Session info: chrome=115.0.5790.110)
Build info: version: '4.10.0', revision: 'c14d967899'
System info: os.name: 'Windows 10', os.arch: 'amd64', os.version: '10.0', java.version: '20.0.2'
Driver info: org.openqa.selenium.chrome.ChromeDriver
Command: [5d3596ae6c1e9be1335f2c930621f1f2, findElement {using=xpath, value=(//li[@class='MuiListItem-root MuiListItem-gutters css-1k0ezhg'])[2]}]
Capabilities {acceptInsecureCerts: false, browserName: chrome, browserVersion: 115.0.5790.110, chrome: {chromedriverVersion: 114.0.5735.90 (386bc09e8f4f..., userDataDir: C:\Users\INVEST~1\AppData\L...}, goog:chromeOptions: {debuggerAddress: localhost:52421}, networkConnectionEnabled: false, pageLoadStrategy: normal, platformName: windows, proxy: Proxy(), se:cdp: ws://localhost:52421/devtoo..., se:cdpVersion: 115.0.5790.110, setWindowRect: true, strictFileInteractability: false, timeouts: {implicit: 0, pageLoad: 300000, script: 30000}, unhandledPromptBehavior: dismiss and notify, webauthn:extension:credBlob: true, webauthn:extension:largeBlob: true, webauthn:extension:minPinLength: true, webauthn:extension:prf: true, webauthn:virtualAuthenticators: true}
Session ID: 5d3596ae6c1e9be1335f2c930621f1f2
at org.openqa.selenium.remote.codec.w3c.W3CHttpResponseCodec.createException(W3CHttpResponseCodec.java:199)
at org.openqa.selenium.remote.codec.w3c.W3CHttpResponseCodec.decode(W3CHttpResponseCodec.java:132)
at org.openqa.selenium.remote.codec.w3c.W3CHttpResponseCodec.decode(W3CHttpResponseCodec.java:51)
at org.openqa.selenium.remote.HttpCommandExecutor.execute(HttpCommandExecutor.java:191)
at org.openqa.selenium.remote.service.DriverCommandExecutor.invokeExecute(DriverCommandExecutor.java:196)
at org.openqa.selenium.remote.service.DriverCommandExecutor.execute(DriverCommandExecutor.java:171)
at org.openqa.selenium.remote.RemoteWebDriver.execute(RemoteWebDriver.java:531)
at org.openqa.selenium.remote.ElementLocation$ElementFinder$2.findElement(ElementLocation.java:165)
at org.openqa.selenium.remote.ElementLocation.findElement(ElementLocation.java:59)
at org.openqa.selenium.remote.RemoteWebDriver.findElement(RemoteWebDriver.java:350)
at org.openqa.selenium.remote.RemoteWebDriver.findElement(RemoteWebDriver.java:344)
at org.openqa.selenium.support.pagefactory.DefaultElementLocator.findElement(DefaultElementLocator.java:68)
at org.openqa.selenium.support.pagefactory.internal.LocatingElementHandler.invoke(LocatingElementHandler.java:38)
at jdk.proxy2/jdk.proxy2.$Proxy19.click(Unknown Source)
at pages.UserManagement.clickOnUserManagement(UserManagement.java:26)
at UserManagement.demo.beforeClass(demo.java:70)
at java.base/java.util.ArrayList.forEach(ArrayList.java:1511)
at java.base/java.util.concurrent.FutureTask.run(FutureTask.java:317)
at java.base/java.util.concurrent.ThreadPoolExecutor.runWorker(ThreadPoolExecutor.java:1144)
at java.base/java.util.concurrent.ThreadPoolExecutor$Worker.run(ThreadPoolExecutor.java:642)
at java.base/java.lang.Thread.run(Thread.java:1623)
... Removed 16 stack frames]]>
    </failure>
  </testcase> <!-- @BeforeClass beforeClass -->
  <testcase classname="UserManagement.demo" name="@BeforeMethod selectUserType" time="0.0">
    <skipped/>
  </testcase> <!-- @BeforeMethod selectUserType -->
  <testcase classname="UserManagement.demo" name="@AfterMethod afterClass4" time="0.0">
    <skipped/>
  </testcase> <!-- @AfterMethod afterClass4 -->
  <testcase classname="UserManagement.demo" name="@BeforeMethod selectUserType" time="0.0">
    <skipped/>
  </testcase> <!-- @BeforeMethod selectUserType -->
  <testcase classname="UserManagement.demo" name="@AfterMethod afterClass4" time="0.0">
    <skipped/>
  </testcase> <!-- @AfterMethod afterClass4 -->
  <testcase classname="UserManagement.demo" name="@BeforeMethod selectUserType" time="0.0">
    <skipped/>
  </testcase> <!-- @BeforeMethod selectUserType -->
  <testcase classname="UserManagement.demo" name="@AfterMethod afterClass4" time="0.0">
    <skipped/>
  </testcase> <!-- @AfterMethod afterClass4 -->
  <testcase classname="UserManagement.demo" name="@BeforeMethod selectUserType" time="0.0">
    <skipped/>
  </testcase> <!-- @BeforeMethod selectUserType -->
  <testcase classname="UserManagement.demo" name="@AfterMethod afterClass4" time="0.0">
    <skipped/>
  </testcase> <!-- @AfterMethod afterClass4 -->
  <testcase classname="UserManagement.demo" name="@BeforeMethod selectUserType" time="0.0">
    <skipped/>
  </testcase> <!-- @BeforeMethod selectUserType -->
  <testcase classname="UserManagement.demo" name="@AfterMethod afterClass4" time="0.0">
    <skipped/>
  </testcase> <!-- @AfterMethod afterClass4 -->
  <testcase classname="UserManagement.demo" name="@BeforeMethod selectUserType" time="0.0">
    <skipped/>
  </testcase> <!-- @BeforeMethod selectUserType -->
  <testcase classname="UserManagement.demo" name="@AfterMethod afterClass4" time="0.0">
    <skipped/>
  </testcase> <!-- @AfterMethod afterClass4 -->
  <testcase classname="UserManagement.demo" name="@BeforeMethod selectUserType" time="0.0">
    <skipped/>
  </testcase> <!-- @BeforeMethod selectUserType -->
  <testcase classname="UserManagement.demo" name="@AfterMethod afterClass4" time="0.0">
    <skipped/>
  </testcase> <!-- @AfterMethod afterClass4 -->
  <testcase classname="UserManagement.demo" name="@BeforeMethod selectUserType" time="0.0">
    <skipped/>
  </testcase> <!-- @BeforeMethod selectUserType -->
  <testcase classname="UserManagement.demo" name="@AfterMethod afterClass4" time="0.0">
    <skipped/>
  </testcase> <!-- @AfterMethod afterClass4 -->
  <testcase classname="UserManagement.demo" name="@BeforeMethod selectUserType" time="0.0">
    <skipped/>
  </testcase> <!-- @BeforeMethod selectUserType -->
  <testcase classname="UserManagement.demo" name="@AfterMethod afterClass4" time="0.0">
    <skipped/>
  </testcase> <!-- @AfterMethod afterClass4 -->
  <testcase classname="UserManagement.demo" name="@BeforeMethod selectUserType" time="0.0">
    <skipped/>
  </testcase> <!-- @BeforeMethod selectUserType -->
  <testcase classname="UserManagement.demo" name="@AfterMethod afterClass4" time="0.0">
    <skipped/>
  </testcase> <!-- @AfterMethod afterClass4 -->
  <testcase classname="UserManagement.demo" name="@AfterClass end" time="0.0">
    <skipped/>
  </testcase> <!-- @AfterClass end -->
  <testcase classname="UserManagement.demo" name="selectAdmin" time="0.0">
    <skipped/>
  </testcase> <!-- selectAdmin -->
  <testcase classname="UserManagement.demo" name="selectUserRole" time="0.0">
    <skipped/>
  </testcase> <!-- selectUserRole -->
  <testcase classname="UserManagement.demo" name="selectBrokertab" time="0.0">
    <skipped/>
  </testcase> <!-- selectBrokertab -->
  <testcase classname="UserManagement.demo" name="selectFirstName" time="0.0">
    <skipped/>
  </testcase> <!-- selectFirstName -->
  <testcase classname="UserManagement.demo" name="selectMiddleName" time="0.0">
    <skipped/>
  </testcase> <!-- selectMiddleName -->
  <testcase classname="UserManagement.demo" name="selectLastName" time="0.0">
    <skipped/>
  </testcase> <!-- selectLastName -->
  <testcase classname="UserManagement.demo" name="selectMobileNo" time="0.003">
    <skipped/>
  </testcase> <!-- selectMobileNo -->
  <testcase classname="UserManagement.demo" name="selectEmailId" time="0.0">
    <skipped/>
  </testcase> <!-- selectEmailId -->
  <testcase classname="UserManagement.demo" name="selectEmployeeCode" time="0.008">
    <skipped/>
  </testcase> <!-- selectEmployeeCode -->
  <testcase classname="UserManagement.demo" name="selectManager" time="0.001">
    <skipped/>
  </testcase> <!-- selectManager -->
  <testcase classname="UserManagement.demo" name="selectDistributor" time="0.0">
    <ignored/>
  </testcase> <!-- selectDistributor -->
  <testcase classname="UserManagement.demo" name="selectBackOffice" time="0.0">
    <ignored/>
  </testcase> <!-- selectBackOffice -->
  <testcase classname="UserManagement.demo" name="selectUserCompany" time="0.0">
    <ignored/>
  </testcase> <!-- selectUserCompany -->
  <testcase classname="UserManagement.demo" name="selectCompanyHead" time="0.0">
    <ignored/>
  </testcase> <!-- selectCompanyHead -->
  <testcase classname="UserManagement.demo" name="selectManufacture" time="0.0">
    <ignored/>
  </testcase> <!-- selectManufacture -->
  <testcase classname="UserManagement.demo" name="selectGroupHead" time="0.0">
    <ignored/>
  </testcase> <!-- selectGroupHead -->
  <testcase classname="UserManagement.demo" name="submitbutton" time="0.0">
    <ignored/>
  </testcase> <!-- submitbutton -->
  <testcase classname="UserManagement.demo" name="selectTeamLeader" time="0.0">
    <ignored/>
  </testcase> <!-- selectTeamLeader -->
</testsuite> <!-- ChromeTest -->
