<?xml version="1.0" encoding="UTF-8"?>
<!-- Generated by org.testng.reporters.JUnitXMLReporter -->
<testsuite ignored="8" hostname="DESKTOP-R8QAM61" failures="0" tests="10" name="EdgeTest" time="15.613" errors="0" timestamp="2023-07-31T16:12:58 IST">
  <testcase classname="UserManagement.demo" name="selectAdmin" time="0.0">
    <skipped/>
  </testcase> <!-- selectAdmin -->
  <testcase classname="UserManagement.demo" name="selectUserRole" time="0.0">
    <skipped/>
  </testcase> <!-- selectUserRole -->
  <testcase classname="UserManagement.demo" name="selectBrokertab" time="0.0">
    <skipped/>
  </testcase> <!-- selectBrokertab -->
  <testcase classname="UserManagement.demo" name="selectFirstName" time="0.001">
    <skipped/>
  </testcase> <!-- selectFirstName -->
  <testcase classname="UserManagement.demo" name="selectMiddleName" time="0.0">
    <skipped/>
  </testcase> <!-- selectMiddleName -->
  <testcase classname="UserManagement.demo" name="selectLastName" time="0.0">
    <skipped/>
  </testcase> <!-- selectLastName -->
  <testcase classname="UserManagement.demo" name="selectMobileNo" time="0.0">
    <skipped/>
  </testcase> <!-- selectMobileNo -->
  <testcase classname="UserManagement.demo" name="selectEmailId" time="0.001">
    <skipped/>
  </testcase> <!-- selectEmailId -->
  <testcase classname="UserManagement.demo" name="selectEmployeeCode" time="0.0">
    <skipped/>
  </testcase> <!-- selectEmployeeCode -->
  <testcase classname="UserManagement.demo" name="selectManager" time="0.003">
    <skipped/>
  </testcase> <!-- selectManager -->
  <testcase classname="UserManagement.demo" name="selectGroupHead" time="0.0">
    <ignored/>
  </testcase> <!-- selectGroupHead -->
  <testcase classname="UserManagement.demo" name="selectTeamLeader" time="0.0">
    <ignored/>
  </testcase> <!-- selectTeamLeader -->
  <testcase classname="UserManagement.demo" name="submitbutton" time="0.0">
    <ignored/>
  </testcase> <!-- submitbutton -->
  <testcase classname="UserManagement.demo" name="selectBackOffice" time="0.0">
    <ignored/>
  </testcase> <!-- selectBackOffice -->
  <testcase classname="UserManagement.demo" name="selectDistributor" time="0.0">
    <ignored/>
  </testcase> <!-- selectDistributor -->
  <testcase classname="UserManagement.demo" name="selectCompanyHead" time="0.0">
    <ignored/>
  </testcase> <!-- selectCompanyHead -->
  <testcase classname="UserManagement.demo" name="selectManufacture" time="0.0">
    <ignored/>
  </testcase> <!-- selectManufacture -->
  <testcase classname="UserManagement.demo" name="selectUserCompany" time="0.0">
    <ignored/>
  </testcase> <!-- selectUserCompany -->
</testsuite> <!-- EdgeTest -->
