<?xml version="1.0" encoding="UTF-8"?>
<!-- Generated by org.testng.reporters.JUnitXMLReporter -->
<testsuite ignored="2" hostname="DESKTOP-R8QAM61" failures="1" tests="1" name="EdgeTest" time="27.673" errors="0" timestamp="2023-08-16T11:26:13 IST">
  <testcase classname="UserManagement.ViewTab" name="test1" time="15.296">
    <failure type="org.openqa.selenium.NoSuchElementException" message="no such element: Unable to locate element: {&amp;quot;method&amp;quot;:&amp;quot;xpath&amp;quot;,&amp;quot;selector&amp;quot;:&amp;quot;//tbody[@class=&amp;apos;MuiTableBody-root css-apqrd9-MuiTableBody-root&amp;apos;]/tr[td[.=&amp;apos;akashay jadhav&amp;apos;]]/td[5]/a/button&amp;quot;}
  (Session info: MicrosoftEdge=115.0.1901.203)
For documentation on this error, please visit: https://www.selenium.dev/documentation/webdriver/troubleshooting/errors#no-such-element-exception
Build info: version: &amp;apos;4.10.0&amp;apos;, revision: &amp;apos;c14d967899&amp;apos;
System info: os.name: &amp;apos;Windows 10&amp;apos;, os.arch: &amp;apos;amd64&amp;apos;, os.version: &amp;apos;10.0&amp;apos;, java.version: &amp;apos;20.0.2&amp;apos;
Driver info: org.openqa.selenium.edge.EdgeDriver
Command: [f4757ed46ded44a442cc644bc9825a56, findElement {using=xpath, value=//tbody[@class=&amp;apos;MuiTableBody-root css-apqrd9-MuiTableBody-root&amp;apos;]/tr[td[.=&amp;apos;akashay jadhav&amp;apos;]]/td[5]/a/button}]
Capabilities {acceptInsecureCerts: false, browserName: msedge, browserVersion: 115.0.1901.203, ms:edgeOptions: {debuggerAddress: localhost:56339}, msedge: {msedgedriverVersion: 115.0.1901.183 (db29db5e66a..., userDataDir: C:\Users\INVEST~1\AppData\L...}, networkConnectionEnabled: false, pageLoadStrategy: normal, platformName: windows, proxy: Proxy(), se:cdp: ws://localhost:56339/devtoo..., se:cdpVersion: 115.0.1901.203, setWindowRect: true, strictFileInteractability: false, timeouts: {implicit: 0, pageLoad: 300000, script: 30000}, unhandledPromptBehavior: dismiss and notify, webauthn:extension:credBlob: true, webauthn:extension:largeBlob: true, webauthn:extension:minPinLength: true, webauthn:extension:prf: true, webauthn:virtualAuthenticators: true}
Session ID: f4757ed46ded44a442cc644bc9825a56">
      <![CDATA[org.openqa.selenium.NoSuchElementException: no such element: Unable to locate element: {"method":"xpath","selector":"//tbody[@class='MuiTableBody-root css-apqrd9-MuiTableBody-root']/tr[td[.='akashay jadhav']]/td[5]/a/button"}
  (Session info: MicrosoftEdge=115.0.1901.203)
For documentation on this error, please visit: https://www.selenium.dev/documentation/webdriver/troubleshooting/errors#no-such-element-exception
Build info: version: '4.10.0', revision: 'c14d967899'
System info: os.name: 'Windows 10', os.arch: 'amd64', os.version: '10.0', java.version: '20.0.2'
Driver info: org.openqa.selenium.edge.EdgeDriver
Command: [f4757ed46ded44a442cc644bc9825a56, findElement {using=xpath, value=//tbody[@class='MuiTableBody-root css-apqrd9-MuiTableBody-root']/tr[td[.='akashay jadhav']]/td[5]/a/button}]
Capabilities {acceptInsecureCerts: false, browserName: msedge, browserVersion: 115.0.1901.203, ms:edgeOptions: {debuggerAddress: localhost:56339}, msedge: {msedgedriverVersion: 115.0.1901.183 (db29db5e66a..., userDataDir: C:\Users\INVEST~1\AppData\L...}, networkConnectionEnabled: false, pageLoadStrategy: normal, platformName: windows, proxy: Proxy(), se:cdp: ws://localhost:56339/devtoo..., se:cdpVersion: 115.0.1901.203, setWindowRect: true, strictFileInteractability: false, timeouts: {implicit: 0, pageLoad: 300000, script: 30000}, unhandledPromptBehavior: dismiss and notify, webauthn:extension:credBlob: true, webauthn:extension:largeBlob: true, webauthn:extension:minPinLength: true, webauthn:extension:prf: true, webauthn:virtualAuthenticators: true}
Session ID: f4757ed46ded44a442cc644bc9825a56
at org.openqa.selenium.remote.codec.w3c.W3CHttpResponseCodec.createException(W3CHttpResponseCodec.java:199)
at org.openqa.selenium.remote.codec.w3c.W3CHttpResponseCodec.decode(W3CHttpResponseCodec.java:132)
at org.openqa.selenium.remote.codec.w3c.W3CHttpResponseCodec.decode(W3CHttpResponseCodec.java:51)
at org.openqa.selenium.remote.HttpCommandExecutor.execute(HttpCommandExecutor.java:191)
at org.openqa.selenium.remote.service.DriverCommandExecutor.invokeExecute(DriverCommandExecutor.java:196)
at org.openqa.selenium.remote.service.DriverCommandExecutor.execute(DriverCommandExecutor.java:171)
at org.openqa.selenium.remote.RemoteWebDriver.execute(RemoteWebDriver.java:531)
at org.openqa.selenium.remote.ElementLocation$ElementFinder$2.findElement(ElementLocation.java:165)
at org.openqa.selenium.remote.ElementLocation.findElement(ElementLocation.java:59)
at org.openqa.selenium.remote.RemoteWebDriver.findElement(RemoteWebDriver.java:350)
at org.openqa.selenium.remote.RemoteWebDriver.findElement(RemoteWebDriver.java:344)
at UserManagement.ViewTab.test1(ViewTab.java:227)
at java.base/java.util.ArrayList.forEach(ArrayList.java:1511)
at java.base/java.util.concurrent.FutureTask.run(FutureTask.java:317)
at java.base/java.util.concurrent.ThreadPoolExecutor.runWorker(ThreadPoolExecutor.java:1144)
at java.base/java.util.concurrent.ThreadPoolExecutor$Worker.run(ThreadPoolExecutor.java:642)
at java.base/java.lang.Thread.run(Thread.java:1623)
... Removed 18 stack frames]]>
    </failure>
  </testcase> <!-- test1 -->
  <testcase classname="UserManagement.ViewTab" name="test6" time="0.0">
    <ignored/>
  </testcase> <!-- test6 -->
  <testcase classname="UserManagement.ViewTab" name="test5" time="0.0">
    <ignored/>
  </testcase> <!-- test5 -->
</testsuite> <!-- EdgeTest -->
